D:\Diplom\ARP\node_modules\bindings\bindings.js:135
  throw err;
  ^

Error: Could not locate the bindings file. Tried:
 → D:\Diplom\ARP\node_modules\sqlite3\build\node_sqlite3.node
 → D:\Diplom\ARP\node_modules\sqlite3\build\Debug\node_sqlite3.node
 → D:\Diplom\ARP\node_modules\sqlite3\build\Release\node_sqlite3.node
 → D:\Diplom\ARP\node_modules\sqlite3\out\Debug\node_sqlite3.node
 → D:\Diplom\ARP\node_modules\sqlite3\Debug\node_sqlite3.node
 → D:\Diplom\ARP\node_modules\sqlite3\out\Release\node_sqlite3.node
 → D:\Diplom\ARP\node_modules\sqlite3\Release\node_sqlite3.node
 → D:\Diplom\ARP\node_modules\sqlite3\build\default\node_sqlite3.node
 → D:\Diplom\ARP\node_modules\sqlite3\compiled\24.14.0\win32\x64\node_sqlite3.node
 → D:\Diplom\ARP\node_modules\sqlite3\addon-build\release\install-root\node_sqlite3.node
 → D:\Diplom\ARP\node_modules\sqlite3\addon-build\debug\install-root\node_sqlite3.node
 → D:\Diplom\ARP\node_modules\sqlite3\addon-build\default\install-root\node_sqlite3.node
 → D:\Diplom\ARP\node_modules\sqlite3\lib\binding\node-v137-win32-x64\node_sqlite3.node
    at bindings (D:\Diplom\ARP\node_modules\bindings\bindings.js:126:9)
    at Object.<anonymous> (D:\Diplom\ARP\node_modules\sqlite3\lib\sqlite3-binding.js:1:37)
    at Module._compile (node:internal/modules/cjs/loader:1812:14)
    at Object..js (node:internal/modules/cjs/loader:1943:10)
    at Module.load (node:internal/modules/cjs/loader:1533:32)
    at Module._load (node:internal/modules/cjs/loader:1335:12)
    at wrapModuleLoad (node:internal/modules/cjs/loader:255:19)
    at Module.require (node:internal/modules/cjs/loader:1556:12)
    at require (node:internal/modules/helpers:152:16)
    at Object.<anonymous> (D:\Diplom\ARP\node_modules\sqlite3\lib\sqlite3.js:2:17) {
  tries: [
    'D:\\Diplom\\ARP\\node_modules\\sqlite3\\build\\node_sqlite3.node',
    'D:\\Diplom\\ARP\\node_modules\\sqlite3\\build\\Debug\\node_sqlite3.node',
    'D:\\Diplom\\ARP\\node_modules\\sqlite3\\build\\Release\\node_sqlite3.node',
    'D:\\Diplom\\ARP\\node_modules\\sqlite3\\out\\Debug\\node_sqlite3.node',
    'D:\\Diplom\\ARP\\node_modules\\sqlite3\\Debug\\node_sqlite3.node',
    'D:\\Diplom\\ARP\\node_modules\\sqlite3\\out\\Release\\node_sqlite3.node',
    'D:\\Diplom\\ARP\\node_modules\\sqlite3\\Release\\node_sqlite3.node',
    'D:\\Diplom\\ARP\\node_modules\\sqlite3\\build\\default\\node_sqlite3.node',
    'D:\\Diplom\\ARP\\node_modules\\sqlite3\\compiled\\24.14.0\\win32\\x64\\node_sqlite3.node',
    'D:\\Diplom\\ARP\\node_modules\\sqlite3\\addon-build\\release\\install-root\\node_sqlite3.node',
    'D:\\Diplom\\ARP\\node_modules\\sqlite3\\addon-build\\debug\\install-root\\node_sqlite3.node',
    'D:\\Diplom\\ARP\\node_modules\\sqlite3\\addon-build\\default\\install-root\\node_sqlite3.node',
    'D:\\Diplom\\ARP\\node_modules\\sqlite3\\lib\\binding\\node-v137-win32-x64\\node_sqlite3.node'
  ]
}

Node.js v24.14.0
